<?xml version="1.0" encoding="UTF-8"?>
<!-- Generated by org.testng.reporters.JUnitXMLReporter -->
<testsuite hostname="KIRAJAMA-5E0HT" name="Test" tests="4" failures="0" timestamp="5 Sep 2017 06:06:59 GMT" time="0.079" errors="0">
  <testcase name="method1" time="0.016" classname="com.cisco.cep.Test.Test1"/>
  <testcase name="method1" time="0.0" classname="com.cisco.cep.Test.Test1"/>
  <testcase name="method1" time="0.0" classname="com.cisco.cep.Test.Test1"/>
  <testcase name="testMethod2" time="0.0" classname="com.cisco.cep.Test.Test1"/>
</testsuite> <!-- Test -->
