<?xml version="1.0" encoding="UTF-8"?>
<testsuite name="Test"
           tests="4"
           failures="0"
           errors="0"
           skipped="0"
           time="0.016">
  <properties />
  
  
            <testcase name="method1" time="0.000" classname="com.cisco.cep.Test.Test1" />
                <testcase name="method1" time="0.000" classname="com.cisco.cep.Test.Test1" />
                <testcase name="method1" time="0.016" classname="com.cisco.cep.Test.Test1" />
                <testcase name="testMethod2" time="0.000" classname="com.cisco.cep.Test.Test1" />
      
</testsuite>
